0 info it worked if it ends with ok
1 verbose cli [ '/usr/local/bin/node',
1 verbose cli   '/usr/local/bin/npm',
1 verbose cli   'install',
1 verbose cli   'ember-cli',
1 verbose cli   '-g' ]
2 info using npm@2.14.12
3 info using node@v4.3.2
4 verbose install initial load of /usr/local/lib/package.json
5 verbose readDependencies loading dependencies from /usr/local/lib/package.json
6 silly cache add args [ 'ember-cli', null ]
7 verbose cache add spec ember-cli
8 silly cache add parsed spec Result {
8 silly cache add   raw: 'ember-cli',
8 silly cache add   scope: null,
8 silly cache add   name: 'ember-cli',
8 silly cache add   rawSpec: '',
8 silly cache add   spec: 'latest',
8 silly cache add   type: 'tag' }
9 silly addNamed ember-cli@latest
10 verbose addNamed "latest" is being treated as a dist-tag for ember-cli
11 info addNameTag [ 'ember-cli', 'latest' ]
12 silly mapToRegistry name ember-cli
13 silly mapToRegistry using default registry
14 silly mapToRegistry registry https://registry.npmjs.org/
15 silly mapToRegistry uri https://registry.npmjs.org/ember-cli
16 verbose addNameTag registry:https://registry.npmjs.org/ember-cli not in flight; fetching
17 verbose request uri https://registry.npmjs.org/ember-cli
18 verbose request no auth needed
19 info attempt registry request try #1 at 10:40:59 PM
20 verbose request id 00d62a159b882201
21 verbose etag "D25OBV2XAH3FHTB9ZSESGVWJD"
22 http request GET https://registry.npmjs.org/ember-cli
23 http 200 https://registry.npmjs.org/ember-cli
24 verbose headers { server: 'CouchDB/1.6.1 (Erlang OTP/R16B03)',
24 verbose headers   etag: '"37NL4UWRD3VE7KLHNLGEC6UDO"',
24 verbose headers   'content-type': 'application/json',
24 verbose headers   'content-encoding': 'gzip',
24 verbose headers   'cache-control': 'max-age=300',
24 verbose headers   'content-length': '37438',
24 verbose headers   'accept-ranges': 'bytes',
24 verbose headers   date: 'Thu, 18 Aug 2016 05:40:59 GMT',
24 verbose headers   via: '1.1 varnish',
24 verbose headers   age: '208',
24 verbose headers   connection: 'keep-alive',
24 verbose headers   'x-served-by': 'cache-sea1926-SEA',
24 verbose headers   'x-cache': 'HIT',
24 verbose headers   'x-cache-hits': '1',
24 verbose headers   'x-timer': 'S1471498859.270285,VS0,VE0',
24 verbose headers   vary: 'Accept-Encoding' }
25 silly get cb [ 200,
25 silly get   { server: 'CouchDB/1.6.1 (Erlang OTP/R16B03)',
25 silly get     etag: '"37NL4UWRD3VE7KLHNLGEC6UDO"',
25 silly get     'content-type': 'application/json',
25 silly get     'content-encoding': 'gzip',
25 silly get     'cache-control': 'max-age=300',
25 silly get     'content-length': '37438',
25 silly get     'accept-ranges': 'bytes',
25 silly get     date: 'Thu, 18 Aug 2016 05:40:59 GMT',
25 silly get     via: '1.1 varnish',
25 silly get     age: '208',
25 silly get     connection: 'keep-alive',
25 silly get     'x-served-by': 'cache-sea1926-SEA',
25 silly get     'x-cache': 'HIT',
25 silly get     'x-cache-hits': '1',
25 silly get     'x-timer': 'S1471498859.270285,VS0,VE0',
25 silly get     vary: 'Accept-Encoding' } ]
26 verbose get saving ember-cli to /Users/philemon/.npm/registry.npmjs.org/ember-cli/.cache.json
27 silly addNameTag next cb for ember-cli with tag latest
28 silly addNamed ember-cli@2.7.0
29 verbose addNamed "2.7.0" is a plain semver version for ember-cli
30 silly mapToRegistry name ember-cli
31 silly mapToRegistry using default registry
32 silly mapToRegistry registry https://registry.npmjs.org/
33 silly mapToRegistry uri https://registry.npmjs.org/ember-cli
34 verbose addRemoteTarball https://registry.npmjs.org/ember-cli/-/ember-cli-2.7.0.tgz not in flight; adding
35 verbose addRemoteTarball [ 'https://registry.npmjs.org/ember-cli/-/ember-cli-2.7.0.tgz',
35 verbose addRemoteTarball   '26dd9ab583d987e3b4e6b64b7f0cdfa059610404' ]
36 info retry fetch attempt 1 at 10:40:59 PM
37 info attempt registry request try #1 at 10:40:59 PM
38 http fetch GET https://registry.npmjs.org/ember-cli/-/ember-cli-2.7.0.tgz
39 http fetch 200 https://registry.npmjs.org/ember-cli/-/ember-cli-2.7.0.tgz
40 silly fetchAndShaCheck shasum 26dd9ab583d987e3b4e6b64b7f0cdfa059610404
41 verbose addTmpTarball /var/folders/dl/gh8z7bxs64d9_g8qx0tm1yfw0000gp/T/npm-52874-4b058ee7/registry.npmjs.org/ember-cli/-/ember-cli-2.7.0.tgz not in flight; adding
42 verbose addTmpTarball already have metadata; skipping unpack for ember-cli@2.7.0
43 silly cache afterAdd ember-cli@2.7.0
44 verbose afterAdd /Users/philemon/.npm/ember-cli/2.7.0/package/package.json not in flight; writing
45 verbose afterAdd /Users/philemon/.npm/ember-cli/2.7.0/package/package.json written
46 silly install resolved [ { name: 'ember-cli',
46 silly install resolved     version: '2.7.0',
46 silly install resolved     main: 'lib/cli/index.js',
46 silly install resolved     description: 'Command line tool for developing ambitious ember.js apps',
46 silly install resolved     homepage: 'http://ember-cli.com/',
46 silly install resolved     trackingCode: 'UA-49225444-1',
46 silly install resolved     bin: { ember: './bin/ember' },
46 silly install resolved     scripts:
46 silly install resolved      { docs: 'yuidoc',
46 silly install resolved        lint: 'node tests/runner lint',
46 silly install resolved        test: 'node tests/runner',
46 silly install resolved        'test:debug': 'node debug tests/runner',
46 silly install resolved        'test-slow': 'node tests/runner slow',
46 silly install resolved        'test-all': 'node tests/runner all',
46 silly install resolved        'test-all:debug': 'node debug tests/runner all',
46 silly install resolved        'test-all:cover': 'istanbul cover tests/runner.js all' },
46 silly install resolved     repository:
46 silly install resolved      { type: 'git',
46 silly install resolved        url: 'git+https://github.com/ember-cli/ember-cli.git' },
46 silly install resolved     engines: { node: '>= 0.10.0' },
46 silly install resolved     keywords:
46 silly install resolved      [ 'ember.js',
46 silly install resolved        'ember',
46 silly install resolved        'cli',
46 silly install resolved        'app',
46 silly install resolved        'kit',
46 silly install resolved        'app-kit',
46 silly install resolved        'ember-app-kit' ],
46 silly install resolved     author: { name: 'Stefan Penner, Robert Jackson and ember-cli contributors' },
46 silly install resolved     license: 'MIT',
46 silly install resolved     bugs: { url: 'https://github.com/ember-cli/ember-cli/issues' },
46 silly install resolved     dependencies:
46 silly install resolved      { 'amd-name-resolver': '0.0.5',
46 silly install resolved        bower: '^1.3.12',
46 silly install resolved        'bower-config': '^1.3.0',
46 silly install resolved        'bower-endpoint-parser': '0.2.2',
46 silly install resolved        'broccoli-babel-transpiler': '^5.4.5',
46 silly install resolved        'broccoli-concat': '^2.0.4',
46 silly install resolved        'broccoli-config-loader': '^1.0.0',
46 silly install resolved        'broccoli-config-replace': '^1.1.2',
46 silly install resolved        'broccoli-funnel': '^1.0.0',
46 silly install resolved        'broccoli-funnel-reducer': '^1.0.0',
46 silly install resolved        'broccoli-merge-trees': '^1.0.0',
46 silly install resolved        'broccoli-sane-watcher': '^1.1.1',
46 silly install resolved        'broccoli-source': '^1.1.0',
46 silly install resolved        'broccoli-viz': '^2.0.1',
46 silly install resolved        chalk: '^1.1.3',
46 silly install resolved        'clean-base-url': '^1.0.0',
46 silly install resolved        compression: '^1.4.4',
46 silly install resolved        configstore: '^2.0.0',
46 silly install resolved        'core-object': '^2.0.2',
46 silly install resolved        debug: '^2.1.3',
46 silly install resolved        diff: '^2.2.2',
46 silly install resolved        'ember-cli-broccoli': '0.16.9',
46 silly install resolved        'ember-cli-get-component-path-option': '^1.0.0',
46 silly install resolved        'ember-cli-is-package-missing': '^1.0.0',
46 silly install resolved        'ember-cli-legacy-blueprints': '^0.1.1',
46 silly install resolved        'ember-cli-normalize-entity-name': '^1.0.0',
46 silly install resolved        'ember-cli-preprocess-registry': '^2.0.0',
46 silly install resolved        'ember-cli-string-utils': '^1.0.0',
46 silly install resolved        'ember-try': '^0.2.2',
46 silly install resolved        'escape-string-regexp': '^1.0.3',
46 silly install resolved        'exists-sync': '0.0.3',
46 silly install resolved        exit: '^0.1.2',
46 silly install resolved        express: '^4.12.3',
46 silly install resolved        filesize: '^3.1.3',
46 silly install resolved        'find-up': '^1.1.2',
46 silly install resolved        'fs-extra': '0.30.0',
46 silly install resolved        'fs-monitor-stack': '^1.0.2',
46 silly install resolved        'fs-tree-diff': '^0.4.4',
46 silly install resolved        'get-caller-file': '^1.0.0',
46 silly install resolved        'git-repo-info': '^1.0.4',
46 silly install resolved        glob: '7.0.3',
46 silly install resolved        'http-proxy': '^1.9.0',
46 silly install resolved        inflection: '^1.7.0',
46 silly install resolved        inquirer: '^0.12.0',
46 silly install resolved        'is-git-url': '^0.2.0',
46 silly install resolved        isbinaryfile: '^3.0.0',
46 silly install resolved        leek: '0.0.21',
46 silly install resolved        lodash: '^4.12.0',
46 silly install resolved        'markdown-it': '6.0.4',
46 silly install resolved        'markdown-it-terminal': '0.0.3',
46 silly install resolved        minimatch: '^3.0.0',
46 silly install resolved        morgan: '^1.5.2',
46 silly install resolved        'node-modules-path': '^1.0.0',
46 silly install resolved        'node-uuid': '^1.4.3',
46 silly install resolved        nopt: '^3.0.1',
46 silly install resolved        npm: '2.15.5',
46 silly install resolved        'npm-package-arg': '^4.1.1',
46 silly install resolved        ora: '^0.2.0',
46 silly install resolved        portfinder: '^1.0.3',
46 silly install resolved        'promise-map-series': '^0.2.1',
46 silly install resolved        'quick-temp': '0.1.5',
46 silly install resolved        resolve: '^1.1.6',
46 silly install resolved        rsvp: '^3.0.17',
46 silly install resolved        sane: '^1.1.1',
46 silly install resolved        semver: '^5.1.0',
46 silly install resolved        'silent-error': '^1.0.0',
46 silly install resolved        'symlink-or-copy': '^1.0.1',
46 silly install resolved        temp: '0.8.3',
46 silly install resolved        testem: '^1.8.1',
46 silly install resolved        through: '^2.3.6',
46 silly install resolved        'tiny-lr': '0.2.1',
46 silly install resolved        'tree-sync': '^1.1.0',
46 silly install resolved        'walk-sync': '^0.2.6',
46 silly install resolved        yam: '0.0.19' },
46 silly install resolved     devDependencies:
46 silly install resolved      { 'broccoli-filter': '^1.2.2',
46 silly install resolved        'broccoli-plugin': '^1.2.0',
46 silly install resolved        chai: '^3.4.1',
46 silly install resolved        'chai-as-promised': '^5.1.0',
46 silly install resolved        'chai-files': '^1.2.0',
46 silly install resolved        'ember-cli-internal-test-helpers': '^0.8.1',
46 silly install resolved        'eslint-plugin-chai-expect': '^1.1.1',
46 silly install resolved        github: '^1.1.0',
46 silly install resolved        istanbul: '^0.4.2',
46 silly install resolved        mocha: '^2.4.5',
46 silly install resolved        'mocha-eslint': '^2.0.1',
46 silly install resolved        'mocha-only-detector': '^0.1.0',
46 silly install resolved        multiline: '^1.0.2',
46 silly install resolved        nock: '^8.0.0',
46 silly install resolved        proxyquire: '^1.7.7',
46 silly install resolved        supertest: '^1.2.0',
46 silly install resolved        testdouble: '^1.3.0',
46 silly install resolved        yuidocjs: '0.10.1',
46 silly install resolved        'yuidoc-ember-cli-theme': '^1.0.0' },
46 silly install resolved     _id: 'ember-cli@2.7.0',
46 silly install resolved     _shasum: '26dd9ab583d987e3b4e6b64b7f0cdfa059610404',
46 silly install resolved     _resolved: 'https://registry.npmjs.org/ember-cli/-/ember-cli-2.7.0.tgz',
46 silly install resolved     _from: 'ember-cli@latest',
46 silly install resolved     _npmVersion: '3.10.3',
46 silly install resolved     _nodeVersion: '6.3.0',
46 silly install resolved     _npmUser: { name: 'twokul', email: 'alex.navasardyan@gmail.com' },
46 silly install resolved     maintainers:
46 silly install resolved      [ [Object],
46 silly install resolved        [Object],
46 silly install resolved        [Object],
46 silly install resolved        [Object],
46 silly install resolved        [Object],
46 silly install resolved        [Object],
46 silly install resolved        [Object],
46 silly install resolved        [Object],
46 silly install resolved        [Object],
46 silly install resolved        [Object],
46 silly install resolved        [Object],
46 silly install resolved        [Object],
46 silly install resolved        [Object],
46 silly install resolved        [Object],
46 silly install resolved        [Object],
46 silly install resolved        [Object] ],
46 silly install resolved     dist:
46 silly install resolved      { shasum: '26dd9ab583d987e3b4e6b64b7f0cdfa059610404',
46 silly install resolved        tarball: 'https://registry.npmjs.org/ember-cli/-/ember-cli-2.7.0.tgz' },
46 silly install resolved     _npmOperationalInternal:
46 silly install resolved      { host: 'packages-12-west.internal.npmjs.com',
46 silly install resolved        tmp: 'tmp/ember-cli-2.7.0.tgz_1469513758673_0.9696330411825329' },
46 silly install resolved     directories: {} } ]
47 info install ember-cli@2.7.0 into /usr/local/lib
48 info installOne ember-cli@2.7.0
49 verbose installOne of ember-cli to /usr/local/lib not in flight; installing
50 verbose lock using /Users/philemon/.npm/_locks/ember-cli-e1d4144f4f001fb2.lock for /usr/local/lib/node_modules/ember-cli
51 silly install write writing ember-cli 2.7.0 to /usr/local/lib/node_modules/ember-cli
52 verbose unbuild lib/node_modules/ember-cli
53 info preuninstall ember-cli@2.4.1
54 info uninstall ember-cli@2.4.1
55 verbose unbuild rmStuff ember-cli@2.4.1 from /usr/local/lib/node_modules
56 silly gentlyRm /usr/local/bin/ember is being gently removed
57 silly gentlyRm verifying /usr/local is an npm working directory
58 silly gentlyRm containing path /usr/local is under npm's control, in /usr/local
59 silly gentlyRm deletion target /usr/local/bin/ember is under /usr/local
60 verbose gentlyRm vacuuming from /usr/local/bin/ember up to /usr/local
61 silly vacuum-fs removing /usr/local/bin/ember
62 silly vacuum-fs quitting because other entries in /usr/local/bin
63 info postuninstall ember-cli@2.4.1
64 silly gentlyRm /usr/local/lib/node_modules/ember-cli is being purged from base /usr/local
65 verbose gentlyRm don't care about contents; nuking /usr/local/lib/node_modules/ember-cli
66 silly vacuum-fs purging /usr/local/lib/node_modules/ember-cli
67 verbose unlock done using /Users/philemon/.npm/_locks/ember-cli-e1d4144f4f001fb2.lock for /usr/local/lib/node_modules/ember-cli
68 verbose stack Error: EACCES: permission denied, rmdir '/usr/local/lib/node_modules/ember-cli'
68 verbose stack     at Error (native)
69 verbose cwd /Users/philemon/ember-crm
70 error Darwin 15.3.0
71 error argv "/usr/local/bin/node" "/usr/local/bin/npm" "install" "ember-cli" "-g"
72 error node v4.3.2
73 error npm  v2.14.12
74 error path /usr/local/lib/node_modules/ember-cli
75 error code EACCES
76 error errno -13
77 error syscall rmdir
78 error Error: EACCES: permission denied, rmdir '/usr/local/lib/node_modules/ember-cli'
78 error     at Error (native)
78 error  { [Error: EACCES: permission denied, rmdir '/usr/local/lib/node_modules/ember-cli']
78 error   errno: -13,
78 error   code: 'EACCES',
78 error   syscall: 'rmdir',
78 error   path: '/usr/local/lib/node_modules/ember-cli' }
79 error Please try running this command again as root/Administrator.
80 verbose exit [ -13, true ]
81 verbose unbuild lib/node_modules/ember-cli
82 info preuninstall ember-cli@2.4.1
83 info uninstall ember-cli@2.4.1
84 verbose unbuild rmStuff ember-cli@2.4.1 from /usr/local/lib/node_modules
85 silly gentlyRm /usr/local/bin/ember is being gently removed
86 silly gentlyRm verifying /usr/local is an npm working directory
87 silly gentlyRm containing path /usr/local is under npm's control, in /usr/local
88 silly gentlyRm deletion target /usr/local/bin/ember is under /usr/local
89 verbose gentlyRm vacuuming from /usr/local/bin/ember up to /usr/local
90 info postuninstall ember-cli@2.4.1
91 silly gentlyRm /usr/local/lib/node_modules/ember-cli is being purged from base /usr/local
92 verbose gentlyRm don't care about contents; nuking /usr/local/lib/node_modules/ember-cli
93 silly vacuum-fs purging /usr/local/lib/node_modules/ember-cli
94 error error rolling back Error: EACCES: permission denied, rmdir '/usr/local/lib/node_modules/ember-cli'
94 error error rolling back     at Error (native)
94 error error rolling back  { [Error: EACCES: permission denied, rmdir '/usr/local/lib/node_modules/ember-cli']
94 error error rolling back   errno: -13,
94 error error rolling back   code: 'EACCES',
94 error error rolling back   syscall: 'rmdir',
94 error error rolling back   path: '/usr/local/lib/node_modules/ember-cli' }
